<?xml version="1.0" encoding="UTF-8"?>
<!-- Generated by org.testng.reporters.JUnitReportReporter -->
<testsuite hostname="Mypc" name="com.OrgHRM.Tests.GridEg" tests="2" failures="0" timestamp="12 Jul 2017 14:09:40 GMT" time="28.286" errors="0">
  <testcase name="test" time="9.726" classname="com.OrgHRM.Tests.GridEg"/>
  <testcase name="test" time="18.560" classname="com.OrgHRM.Tests.GridEg"/>
</testsuite> <!-- com.OrgHRM.Tests.GridEg -->
